<?xml version="1.0" encoding="UTF-8"?>
<!-- Generated by org.testng.reporters.JUnitXMLReporter -->
<testsuite hostname="InesHPLaptop" ignored="0" name="Test" tests="6" failures="1" timestamp="2022-04-09T00:27:59 EDT" time="47.709" errors="0">
  <testcase name="loginSuccessful_103" time="1.065" classname="testcases.LoginTest"/>
  <testcase name="loginUnsuccessful_102" time="0.608" classname="testcases.LoginTest"/>
  <testcase name="logoutSuccessful_104" time="0.989" classname="testcases.LoginTest"/>
  <testcase name="searchFeature_106" time="1.75" classname="testcases.MainBookstoreTest"/>
  <testcase name="viewBookstorePageElements_105" time="1.49" classname="testcases.MainBookstoreTest">
    <failure type="junit.framework.AssertionFailedError" message="expected:&amp;lt;[Image
Title
Author
Publisher]&amp;gt; but was:&amp;lt;[Image, Title, Author, Publisher]&amp;gt;">
      <![CDATA[junit.framework.AssertionFailedError: expected:<[Image
Title
Author
Publisher]> but was:<[Image, Title, Author, Publisher]>
at junit.framework.Assert.fail(Assert.java:47)
at junit.framework.Assert.failNotEquals(Assert.java:282)
at junit.framework.Assert.assertEquals(Assert.java:64)
at junit.framework.Assert.assertEquals(Assert.java:71)
at testcases.MainBookstoreTest.viewBookstorePageElements_105(MainBookstoreTest.java:51)
at java.util.ArrayList.forEach(ArrayList.java:1259)
... Removed 31 stack frames]]>
    </failure>
  </testcase> <!-- viewBookstorePageElements_105 -->
  <testcase name="viewBookInfo_107" time="1.35" classname="testcases.ManageBookTest"/>
</testsuite> <!-- Test -->
