<?xml version="1.0" encoding="UTF-8"?>
<testsuite xmlns:xsi="http://www.w3.org/2001/XMLSchema-instance" xsi:noNamespaceSchemaLocation="https://maven.apache.org/surefire/maven-surefire-plugin/xsd/surefire-test-report-3.0.xsd" version="3.0" name="TestSuite" time="48.397" tests="6" errors="0" skipped="0" failures="1">
  <properties>
[...]
</properties>
  <testcase name="loginSuccessful_103" classname="testcases.LoginTest" time="1.057">
    <system-out><![CDATA[[TestNGContentHandler] [WARN] It is strongly recommended to add "<!DOCTYPE suite SYSTEM "https://testng.org/testng-1.0.dtd" >" at the top of the suite file [C:\Users\ines_\eclipse-workspace\MavenBookstoreProject\testng.xml] otherwise TestNG may fail or not work as expected.
]]></system-out>
    <system-err><![CDATA[SLF4J: Failed to load class "org.slf4j.impl.StaticLoggerBinder".
SLF4J: Defaulting to no-operation (NOP) logger implementation
SLF4J: See http://www.slf4j.org/codes.html#StaticLoggerBinder for further details.
Starting MSEdgeDriver 100.0.1185.29 (1feddedadb2184120dec3f8943e514a865a2930a) on port 65348
Only local connections are allowed.
Please see https://chromedriver.chromium.org/security-considerations for suggestions on keeping MSEdgeDriver safe.
MSEdgeDriver was started successfully.
Apr 09, 2022 12:27:15 AM org.openqa.selenium.remote.ProtocolHandshake createSession
INFO: Detected dialect: W3C
Apr 09, 2022 12:27:16 AM org.openqa.selenium.devtools.CdpVersionFinder findNearestMatch
WARNING: Unable to find an exact match for CDP version 100, so returning the closest version found: 99
Apr 09, 2022 12:27:16 AM org.openqa.selenium.devtools.CdpVersionFinder findNearestMatch
INFO: Found CDP implementation for version 100 of 99
]]></system-err>
  </testcase>
  <testcase name="loginUnsuccessful_102" classname="testcases.LoginTest" time="0.603">
    <system-err><![CDATA[Starting MSEdgeDriver 100.0.1185.29 (1feddedadb2184120dec3f8943e514a865a2930a) on port 59282
Only local connections are allowed.
Please see https://chromedriver.chromium.org/security-considerations for suggestions on keeping MSEdgeDriver safe.
MSEdgeDriver was started successfully.
Apr 09, 2022 12:27:23 AM org.openqa.selenium.remote.ProtocolHandshake createSession
INFO: Detected dialect: W3C
Apr 09, 2022 12:27:23 AM org.openqa.selenium.devtools.CdpVersionFinder findNearestMatch
WARNING: Unable to find an exact match for CDP version 100, so returning the closest version found: 99
Apr 09, 2022 12:27:23 AM org.openqa.selenium.devtools.CdpVersionFinder findNearestMatch
INFO: Found CDP implementation for version 100 of 99
]]></system-err>
  </testcase>
  <testcase name="logoutSuccessful_104" classname="testcases.LoginTest" time="0.985">
    <system-err><![CDATA[Starting MSEdgeDriver 100.0.1185.29 (1feddedadb2184120dec3f8943e514a865a2930a) on port 51373
Only local connections are allowed.
Please see https://chromedriver.chromium.org/security-considerations for suggestions on keeping MSEdgeDriver safe.
MSEdgeDriver was started successfully.
Apr 09, 2022 12:27:30 AM org.openqa.selenium.remote.ProtocolHandshake createSession
INFO: Detected dialect: W3C
Apr 09, 2022 12:27:30 AM org.openqa.selenium.devtools.CdpVersionFinder findNearestMatch
WARNING: Unable to find an exact match for CDP version 100, so returning the closest version found: 99
Apr 09, 2022 12:27:30 AM org.openqa.selenium.devtools.CdpVersionFinder findNearestMatch
INFO: Found CDP implementation for version 100 of 99
]]></system-err>
  </testcase>
  <testcase name="searchFeature_106" classname="testcases.MainBookstoreTest" time="1.728">
    <system-err><![CDATA[Starting MSEdgeDriver 100.0.1185.29 (1feddedadb2184120dec3f8943e514a865a2930a) on port 56543
Only local connections are allowed.
Please see https://chromedriver.chromium.org/security-considerations for suggestions on keeping MSEdgeDriver safe.
MSEdgeDriver was started successfully.
Apr 09, 2022 12:27:38 AM org.openqa.selenium.remote.ProtocolHandshake createSession
INFO: Detected dialect: W3C
Apr 09, 2022 12:27:38 AM org.openqa.selenium.devtools.CdpVersionFinder findNearestMatch
WARNING: Unable to find an exact match for CDP version 100, so returning the closest version found: 99
Apr 09, 2022 12:27:38 AM org.openqa.selenium.devtools.CdpVersionFinder findNearestMatch
INFO: Found CDP implementation for version 100 of 99
]]></system-err>
  </testcase>
  <testcase name="viewBookstorePageElements_105" classname="testcases.MainBookstoreTest" time="1.493">
    <failure message="expected:&lt;[Image&#10;Title&#10;Author&#10;Publisher]&gt; but was:&lt;[Image, Title, Author, Publisher]&gt;" type="junit.framework.AssertionFailedError"><![CDATA[junit.framework.AssertionFailedError: 
expected:<[Image
Title
Author
Publisher]> but was:<[Image, Title, Author, Publisher]>
	at testcases.MainBookstoreTest.viewBookstorePageElements_105(MainBookstoreTest.java:51)
]]></failure>
    <system-err><![CDATA[Starting MSEdgeDriver 100.0.1185.29 (1feddedadb2184120dec3f8943e514a865a2930a) on port 59063
Only local connections are allowed.
Please see https://chromedriver.chromium.org/security-considerations for suggestions on keeping MSEdgeDriver safe.
MSEdgeDriver was started successfully.
Apr 09, 2022 12:27:46 AM org.openqa.selenium.remote.ProtocolHandshake createSession
INFO: Detected dialect: W3C
Apr 09, 2022 12:27:46 AM org.openqa.selenium.devtools.CdpVersionFinder findNearestMatch
WARNING: Unable to find an exact match for CDP version 100, so returning the closest version found: 99
Apr 09, 2022 12:27:46 AM org.openqa.selenium.devtools.CdpVersionFinder findNearestMatch
INFO: Found CDP implementation for version 100 of 99
]]></system-err>
  </testcase>
  <testcase name="viewBookInfo_107" classname="testcases.ManageBookTest" time="1.349">
    <system-err><![CDATA[Starting MSEdgeDriver 100.0.1185.29 (1feddedadb2184120dec3f8943e514a865a2930a) on port 57800
Only local connections are allowed.
Please see https://chromedriver.chromium.org/security-considerations for suggestions on keeping MSEdgeDriver safe.
MSEdgeDriver was started successfully.
Apr 09, 2022 12:27:54 AM org.openqa.selenium.remote.ProtocolHandshake createSession
INFO: Detected dialect: W3C
Apr 09, 2022 12:27:54 AM org.openqa.selenium.devtools.CdpVersionFinder findNearestMatch
WARNING: Unable to find an exact match for CDP version 100, so returning the closest version found: 99
Apr 09, 2022 12:27:54 AM org.openqa.selenium.devtools.CdpVersionFinder findNearestMatch
INFO: Found CDP implementation for version 100 of 99
]]></system-err>
  </testcase>
</testsuite>